{"text": "2024-02-11 06:21:07 | INFO    | __main__:stash:131 | run - {'image': '20231121', 'version': '0.10.1.post2', 'role': 'EpicPlayer', 'headless': True}\n", "record": {"elapsed": {"repr": "0:00:01.250939", "seconds": 1.250939}, "exception": null, "extra": {"image": "20231121", "version": "0.10.1.post2", "role": "EpicPlayer", "headless": true}, "file": {"name": "claim.py", "path": "/home/runner/work/epic-get/epic-get/epic/src/claim.py"}, "function": "stash", "level": {"icon": "‚ÑπÔ∏è", "name": "INFO", "no": 20}, "line": 131, "message": "run", "module": "claim", "name": "__main__", "process": {"id": 3521, "name": "MainProcess"}, "thread": {"id": 140505086262144, "name": "MainThread"}, "time": {"repr": "2024-02-11 06:21:07.649405+08:00", "timestamp": 1707603667.649405}}}
{"text": "2024-02-11 06:21:14 | WARNING    | epic_games.agent:get_order_history:467 | Failed to get order history, cookie may have expired - {}\n", "record": {"elapsed": {"repr": "0:00:08.376746", "seconds": 8.376746}, "exception": null, "extra": {}, "file": {"name": "agent.py", "path": "/home/runner/work/epic-get/epic-get/epic/src/epic_games/agent.py"}, "function": "get_order_history", "level": {"icon": "‚ö†Ô∏è", "name": "WARNING", "no": 30}, "line": 467, "message": "Failed to get order history, cookie may have expired", "module": "agent", "name": "epic_games.agent", "process": {"id": 3521, "name": "MainProcess"}, "thread": {"id": 140505086262144, "name": "MainThread"}, "time": {"repr": "2024-02-11 06:21:14.775212+08:00", "timestamp": 1707603674.775212}}}
{"text": "2024-02-11 06:21:15 | DEBUG    | __main__:create_tasks:66 | Put task - {'title': 'Doki Doki Literature Club Plus!', 'url': 'https://store.epicgames.com/en-US/p/doki-doki-literature-club-plus'}\n", "record": {"elapsed": {"repr": "0:00:09.015486", "seconds": 9.015486}, "exception": null, "extra": {"title": "Doki Doki Literature Club Plus!", "url": "https://store.epicgames.com/en-US/p/doki-doki-literature-club-plus"}, "file": {"name": "claim.py", "path": "/home/runner/work/epic-get/epic-get/epic/src/claim.py"}, "function": "create_tasks", "level": {"icon": "üêû", "name": "DEBUG", "no": 10}, "line": 66, "message": "Put task", "module": "claim", "name": "__main__", "process": {"id": 3521, "name": "MainProcess"}, "thread": {"id": 140505086262144, "name": "MainThread"}, "time": {"repr": "2024-02-11 06:21:15.413952+08:00", "timestamp": 1707603675.413952}}}
{"text": "2024-02-11 06:21:15 | DEBUG    | __main__:create_tasks:66 | Put task - {'title': 'Lost Castle', 'url': 'https://store.epicgames.com/en-US/p/lost-castle-abb2e2'}\n", "record": {"elapsed": {"repr": "0:00:09.015927", "seconds": 9.015927}, "exception": null, "extra": {"title": "Lost Castle", "url": "https://store.epicgames.com/en-US/p/lost-castle-abb2e2"}, "file": {"name": "claim.py", "path": "/home/runner/work/epic-get/epic-get/epic/src/claim.py"}, "function": "create_tasks", "level": {"icon": "üêû", "name": "DEBUG", "no": 10}, "line": 66, "message": "Put task", "module": "claim", "name": "__main__", "process": {"id": 3521, "name": "MainProcess"}, "thread": {"id": 140505086262144, "name": "MainThread"}, "time": {"repr": "2024-02-11 06:21:15.414393+08:00", "timestamp": 1707603675.414393}}}
{"text": "2024-02-11 06:21:20 | INFO    | epic_games.agent:claim_weekly_games:294 | claim_weekly_games - {'action': 'go to store', 'url': 'https://store.epicgames.com/en-US/p/doki-doki-literature-club-plus'}\n", "record": {"elapsed": {"repr": "0:00:14.394018", "seconds": 14.394018}, "exception": null, "extra": {"action": "go to store", "url": "https://store.epicgames.com/en-US/p/doki-doki-literature-club-plus"}, "file": {"name": "agent.py", "path": "/home/runner/work/epic-get/epic-get/epic/src/epic_games/agent.py"}, "function": "claim_weekly_games", "level": {"icon": "‚ÑπÔ∏è", "name": "INFO", "no": 20}, "line": 294, "message": "claim_weekly_games", "module": "agent", "name": "epic_games.agent", "process": {"id": 3521, "name": "MainProcess"}, "thread": {"id": 140505086262144, "name": "MainThread"}, "time": {"repr": "2024-02-11 06:21:20.792484+08:00", "timestamp": 1707603680.792484}}}
{"text": "2024-02-11 06:21:24 | INFO    | epic_games.agent:claim_weekly_games:294 | claim_weekly_games - {'action': 'go to store', 'url': 'https://store.epicgames.com/en-US/p/lost-castle-abb2e2'}\n", "record": {"elapsed": {"repr": "0:00:18.600794", "seconds": 18.600794}, "exception": null, "extra": {"action": "go to store", "url": "https://store.epicgames.com/en-US/p/lost-castle-abb2e2"}, "file": {"name": "agent.py", "path": "/home/runner/work/epic-get/epic-get/epic/src/epic_games/agent.py"}, "function": "claim_weekly_games", "level": {"icon": "‚ÑπÔ∏è", "name": "INFO", "no": 20}, "line": 294, "message": "claim_weekly_games", "module": "agent", "name": "epic_games.agent", "process": {"id": 3521, "name": "MainProcess"}, "thread": {"id": 140505086262144, "name": "MainThread"}, "time": {"repr": "2024-02-11 06:21:24.999260+08:00", "timestamp": 1707603684.99926}}}
{"text": "2024-02-11 06:21:36 | INFO    | epic_games.agent:claim_weekly_games:326 | claim_weekly_games - {'action': 'move to webPurchaseContainer iframe'}\n", "record": {"elapsed": {"repr": "0:00:29.962313", "seconds": 29.962313}, "exception": null, "extra": {"action": "move to webPurchaseContainer iframe"}, "file": {"name": "agent.py", "path": "/home/runner/work/epic-get/epic-get/epic/src/epic_games/agent.py"}, "function": "claim_weekly_games", "level": {"icon": "‚ÑπÔ∏è", "name": "INFO", "no": 20}, "line": 326, "message": "claim_weekly_games", "module": "agent", "name": "epic_games.agent", "process": {"id": 3521, "name": "MainProcess"}, "thread": {"id": 140505086262144, "name": "MainThread"}, "time": {"repr": "2024-02-11 06:21:36.360779+08:00", "timestamp": 1707603696.360779}}}
{"text": "2024-02-11 06:21:38 | INFO    | epic_games.agent:claim_weekly_games:328 | claim_weekly_games - {'action': 'click payment button'}\n", "record": {"elapsed": {"repr": "0:00:32.380709", "seconds": 32.380709}, "exception": null, "extra": {"action": "click payment button"}, "file": {"name": "agent.py", "path": "/home/runner/work/epic-get/epic-get/epic/src/epic_games/agent.py"}, "function": "claim_weekly_games", "level": {"icon": "‚ÑπÔ∏è", "name": "INFO", "no": 20}, "line": 328, "message": "claim_weekly_games", "module": "agent", "name": "epic_games.agent", "process": {"id": 3521, "name": "MainProcess"}, "thread": {"id": 140505086262144, "name": "MainThread"}, "time": {"repr": "2024-02-11 06:21:38.779175+08:00", "timestamp": 1707603698.779175}}}
{"text": "2024-02-11 06:21:43 | DEBUG    | hcaptcha_challenger.agents.playwright.control:_parse_label:241 | get task - {'prompt': 'Please click on the object that differs from others.'}\n", "record": {"elapsed": {"repr": "0:00:37.383221", "seconds": 37.383221}, "exception": null, "extra": {"prompt": "Please click on the object that differs from others."}, "file": {"name": "control.py", "path": "/opt/hostedtoolcache/Python/3.10.13/x64/lib/python3.10/site-packages/hcaptcha_challenger/agents/playwright/control.py"}, "function": "_parse_label", "level": {"icon": "üêû", "name": "DEBUG", "no": 10}, "line": 241, "message": "get task", "module": "control", "name": "hcaptcha_challenger.agents.playwright.control", "process": {"id": 3521, "name": "MainProcess"}, "thread": {"id": 140505086262144, "name": "MainThread"}, "time": {"repr": "2024-02-11 06:21:43.781687+08:00", "timestamp": 1707603703.781687}}}
{"text": "2024-02-11 06:21:48 | DEBUG    | epic_games.agent:insert_challenge:106 | task done - {'sattus': 'success'}\n", "record": {"elapsed": {"repr": "0:00:42.352631", "seconds": 42.352631}, "exception": null, "extra": {"sattus": "success"}, "file": {"name": "agent.py", "path": "/home/runner/work/epic-get/epic-get/epic/src/epic_games/agent.py"}, "function": "insert_challenge", "level": {"icon": "üêû", "name": "DEBUG", "no": 10}, "line": 106, "message": "task done", "module": "agent", "name": "epic_games.agent", "process": {"id": 3521, "name": "MainProcess"}, "thread": {"id": 140505086262144, "name": "MainThread"}, "time": {"repr": "2024-02-11 06:21:48.751097+08:00", "timestamp": 1707603708.751097}}}
{"text": "2024-02-11 06:22:20 | INFO    | epic_games.agent:claim_weekly_games:294 | claim_weekly_games - {'action': 'go to store', 'url': 'https://store.epicgames.com/en-US/p/doki-doki-literature-club-plus'}\n", "record": {"elapsed": {"repr": "0:01:14.509040", "seconds": 74.50904}, "exception": null, "extra": {"action": "go to store", "url": "https://store.epicgames.com/en-US/p/doki-doki-literature-club-plus"}, "file": {"name": "agent.py", "path": "/home/runner/work/epic-get/epic-get/epic/src/epic_games/agent.py"}, "function": "claim_weekly_games", "level": {"icon": "‚ÑπÔ∏è", "name": "INFO", "no": 20}, "line": 294, "message": "claim_weekly_games", "module": "agent", "name": "epic_games.agent", "process": {"id": 3521, "name": "MainProcess"}, "thread": {"id": 140505086262144, "name": "MainThread"}, "time": {"repr": "2024-02-11 06:22:20.907506+08:00", "timestamp": 1707603740.907506}}}
{"text": "2024-02-11 06:22:26 | INFO    | epic_games.agent:claim_weekly_games:294 | claim_weekly_games - {'action': 'go to store', 'url': 'https://store.epicgames.com/en-US/p/lost-castle-abb2e2'}\n", "record": {"elapsed": {"repr": "0:01:19.669434", "seconds": 79.669434}, "exception": null, "extra": {"action": "go to store", "url": "https://store.epicgames.com/en-US/p/lost-castle-abb2e2"}, "file": {"name": "agent.py", "path": "/home/runner/work/epic-get/epic-get/epic/src/epic_games/agent.py"}, "function": "claim_weekly_games", "level": {"icon": "‚ÑπÔ∏è", "name": "INFO", "no": 20}, "line": 294, "message": "claim_weekly_games", "module": "agent", "name": "epic_games.agent", "process": {"id": 3521, "name": "MainProcess"}, "thread": {"id": 140505086262144, "name": "MainThread"}, "time": {"repr": "2024-02-11 06:22:26.067900+08:00", "timestamp": 1707603746.0679}}}
{"text": "2024-02-11 06:22:35 | INFO    | epic_games.agent:claim_weekly_games:326 | claim_weekly_games - {'action': 'move to webPurchaseContainer iframe'}\n", "record": {"elapsed": {"repr": "0:01:28.932871", "seconds": 88.932871}, "exception": null, "extra": {"action": "move to webPurchaseContainer iframe"}, "file": {"name": "agent.py", "path": "/home/runner/work/epic-get/epic-get/epic/src/epic_games/agent.py"}, "function": "claim_weekly_games", "level": {"icon": "‚ÑπÔ∏è", "name": "INFO", "no": 20}, "line": 326, "message": "claim_weekly_games", "module": "agent", "name": "epic_games.agent", "process": {"id": 3521, "name": "MainProcess"}, "thread": {"id": 140505086262144, "name": "MainThread"}, "time": {"repr": "2024-02-11 06:22:35.331337+08:00", "timestamp": 1707603755.331337}}}
{"text": "2024-02-11 06:22:37 | INFO    | epic_games.agent:claim_weekly_games:328 | claim_weekly_games - {'action': 'click payment button'}\n", "record": {"elapsed": {"repr": "0:01:31.287979", "seconds": 91.287979}, "exception": null, "extra": {"action": "click payment button"}, "file": {"name": "agent.py", "path": "/home/runner/work/epic-get/epic-get/epic/src/epic_games/agent.py"}, "function": "claim_weekly_games", "level": {"icon": "‚ÑπÔ∏è", "name": "INFO", "no": 20}, "line": 328, "message": "claim_weekly_games", "module": "agent", "name": "epic_games.agent", "process": {"id": 3521, "name": "MainProcess"}, "thread": {"id": 140505086262144, "name": "MainThread"}, "time": {"repr": "2024-02-11 06:22:37.686445+08:00", "timestamp": 1707603757.686445}}}
{"text": "2024-02-11 06:22:42 | DEBUG    | hcaptcha_challenger.agents.playwright.control:_parse_label:241 | get task - {'prompt': 'Œ°lease click on the object that differs from others.'}\n", "record": {"elapsed": {"repr": "0:01:36.290583", "seconds": 96.290583}, "exception": null, "extra": {"prompt": "Œ°lease click on the object that differs from others."}, "file": {"name": "control.py", "path": "/opt/hostedtoolcache/Python/3.10.13/x64/lib/python3.10/site-packages/hcaptcha_challenger/agents/playwright/control.py"}, "function": "_parse_label", "level": {"icon": "üêû", "name": "DEBUG", "no": 10}, "line": 241, "message": "get task", "module": "control", "name": "hcaptcha_challenger.agents.playwright.control", "process": {"id": 3521, "name": "MainProcess"}, "thread": {"id": 140505086262144, "name": "MainThread"}, "time": {"repr": "2024-02-11 06:22:42.689049+08:00", "timestamp": 1707603762.689049}}}
{"text": "2024-02-11 06:22:47 | DEBUG    | epic_games.agent:insert_challenge:106 | task done - {'sattus': 'success'}\n", "record": {"elapsed": {"repr": "0:01:41.276975", "seconds": 101.276975}, "exception": null, "extra": {"sattus": "success"}, "file": {"name": "agent.py", "path": "/home/runner/work/epic-get/epic-get/epic/src/epic_games/agent.py"}, "function": "insert_challenge", "level": {"icon": "üêû", "name": "DEBUG", "no": 10}, "line": 106, "message": "task done", "module": "agent", "name": "epic_games.agent", "process": {"id": 3521, "name": "MainProcess"}, "thread": {"id": 140505086262144, "name": "MainThread"}, "time": {"repr": "2024-02-11 06:22:47.675441+08:00", "timestamp": 1707603767.675441}}}
{"text": "2024-02-11 06:23:19 | INFO    | epic_games.agent:claim_weekly_games:294 | claim_weekly_games - {'action': 'go to store', 'url': 'https://store.epicgames.com/en-US/p/doki-doki-literature-club-plus'}\n", "record": {"elapsed": {"repr": "0:02:13.432068", "seconds": 133.432068}, "exception": null, "extra": {"action": "go to store", "url": "https://store.epicgames.com/en-US/p/doki-doki-literature-club-plus"}, "file": {"name": "agent.py", "path": "/home/runner/work/epic-get/epic-get/epic/src/epic_games/agent.py"}, "function": "claim_weekly_games", "level": {"icon": "‚ÑπÔ∏è", "name": "INFO", "no": 20}, "line": 294, "message": "claim_weekly_games", "module": "agent", "name": "epic_games.agent", "process": {"id": 3521, "name": "MainProcess"}, "thread": {"id": 140505086262144, "name": "MainThread"}, "time": {"repr": "2024-02-11 06:23:19.830534+08:00", "timestamp": 1707603799.830534}}}
{"text": "2024-02-11 06:23:24 | INFO    | epic_games.agent:claim_weekly_games:294 | claim_weekly_games - {'action': 'go to store', 'url': 'https://store.epicgames.com/en-US/p/lost-castle-abb2e2'}\n", "record": {"elapsed": {"repr": "0:02:18.338944", "seconds": 138.338944}, "exception": null, "extra": {"action": "go to store", "url": "https://store.epicgames.com/en-US/p/lost-castle-abb2e2"}, "file": {"name": "agent.py", "path": "/home/runner/work/epic-get/epic-get/epic/src/epic_games/agent.py"}, "function": "claim_weekly_games", "level": {"icon": "‚ÑπÔ∏è", "name": "INFO", "no": 20}, "line": 294, "message": "claim_weekly_games", "module": "agent", "name": "epic_games.agent", "process": {"id": 3521, "name": "MainProcess"}, "thread": {"id": 140505086262144, "name": "MainThread"}, "time": {"repr": "2024-02-11 06:23:24.737410+08:00", "timestamp": 1707603804.73741}}}
{"text": "2024-02-11 06:23:33 | INFO    | epic_games.agent:claim_weekly_games:326 | claim_weekly_games - {'action': 'move to webPurchaseContainer iframe'}\n", "record": {"elapsed": {"repr": "0:02:27.119317", "seconds": 147.119317}, "exception": null, "extra": {"action": "move to webPurchaseContainer iframe"}, "file": {"name": "agent.py", "path": "/home/runner/work/epic-get/epic-get/epic/src/epic_games/agent.py"}, "function": "claim_weekly_games", "level": {"icon": "‚ÑπÔ∏è", "name": "INFO", "no": 20}, "line": 326, "message": "claim_weekly_games", "module": "agent", "name": "epic_games.agent", "process": {"id": 3521, "name": "MainProcess"}, "thread": {"id": 140505086262144, "name": "MainThread"}, "time": {"repr": "2024-02-11 06:23:33.517783+08:00", "timestamp": 1707603813.517783}}}
{"text": "2024-02-11 06:23:35 | INFO    | epic_games.agent:claim_weekly_games:328 | claim_weekly_games - {'action': 'click payment button'}\n", "record": {"elapsed": {"repr": "0:02:29.511694", "seconds": 149.511694}, "exception": null, "extra": {"action": "click payment button"}, "file": {"name": "agent.py", "path": "/home/runner/work/epic-get/epic-get/epic/src/epic_games/agent.py"}, "function": "claim_weekly_games", "level": {"icon": "‚ÑπÔ∏è", "name": "INFO", "no": 20}, "line": 328, "message": "claim_weekly_games", "module": "agent", "name": "epic_games.agent", "process": {"id": 3521, "name": "MainProcess"}, "thread": {"id": 140505086262144, "name": "MainThread"}, "time": {"repr": "2024-02-11 06:23:35.910160+08:00", "timestamp": 1707603815.91016}}}
{"text": "2024-02-11 06:23:40 | DEBUG    | hcaptcha_challenger.agents.playwright.control:_parse_label:241 | get task - {'prompt': 'Please click on the object that ‘Åiffers from others.'}\n", "record": {"elapsed": {"repr": "0:02:34.514663", "seconds": 154.514663}, "exception": null, "extra": {"prompt": "Please click on the object that ‘Åiffers from others."}, "file": {"name": "control.py", "path": "/opt/hostedtoolcache/Python/3.10.13/x64/lib/python3.10/site-packages/hcaptcha_challenger/agents/playwright/control.py"}, "function": "_parse_label", "level": {"icon": "üêû", "name": "DEBUG", "no": 10}, "line": 241, "message": "get task", "module": "control", "name": "hcaptcha_challenger.agents.playwright.control", "process": {"id": 3521, "name": "MainProcess"}, "thread": {"id": 140505086262144, "name": "MainThread"}, "time": {"repr": "2024-02-11 06:23:40.913129+08:00", "timestamp": 1707603820.913129}}}
{"text": "2024-02-11 06:23:46 | DEBUG    | epic_games.agent:insert_challenge:106 | task done - {'sattus': 'success'}\n", "record": {"elapsed": {"repr": "0:02:40.003313", "seconds": 160.003313}, "exception": null, "extra": {"sattus": "success"}, "file": {"name": "agent.py", "path": "/home/runner/work/epic-get/epic-get/epic/src/epic_games/agent.py"}, "function": "insert_challenge", "level": {"icon": "üêû", "name": "DEBUG", "no": 10}, "line": 106, "message": "task done", "module": "agent", "name": "epic_games.agent", "process": {"id": 3521, "name": "MainProcess"}, "thread": {"id": 140505086262144, "name": "MainThread"}, "time": {"repr": "2024-02-11 06:23:46.401779+08:00", "timestamp": 1707603826.401779}}}
{"text": "2024-02-11 06:24:18 | ERROR    | __main__:run:158 | An error has been caught in function 'run', process 'MainProcess' (3521), thread 'MainThread' (140505086262144): - {}\nTraceback (most recent call last):\n  File \"/home/runner/work/epic-get/epic-get/epic/src/claim.py\", line 151, in stash\n    await self.claim_epic_games(context)\n  File \"/home/runner/work/epic-get/epic-get/epic/src/claim.py\", line 122, in claim_epic_games\n    await epic.claim_weekly_games(page, single_promotions)\n  File \"/opt/hostedtoolcache/Python/3.10.13/x64/lib/python3.10/site-packages/tenacity/_asyncio.py\", line 88, in async_wrapped\n    return await fn(*args, **kwargs)\n  File \"/opt/hostedtoolcache/Python/3.10.13/x64/lib/python3.10/site-packages/tenacity/_asyncio.py\", line 47, in __call__\n    do = self.iter(retry_state=retry_state)\n  File \"/opt/hostedtoolcache/Python/3.10.13/x64/lib/python3.10/site-packages/tenacity/__init__.py\", line 325, in iter\n    raise retry_exc.reraise()\n  File \"/opt/hostedtoolcache/Python/3.10.13/x64/lib/python3.10/site-packages/tenacity/__init__.py\", line 158, in reraise\n    raise self.last_attempt.result()\n  File \"/opt/hostedtoolcache/Python/3.10.13/x64/lib/python3.10/concurrent/futures/_base.py\", line 451, in result\n    return self.__get_result()\n  File \"/opt/hostedtoolcache/Python/3.10.13/x64/lib/python3.10/concurrent/futures/_base.py\", line 403, in __get_result\n    raise self._exception\n  File \"/opt/hostedtoolcache/Python/3.10.13/x64/lib/python3.10/site-packages/tenacity/_asyncio.py\", line 50, in __call__\n    result = await fn(*args, **kwargs)\n  File \"/home/runner/work/epic-get/epic-get/epic/src/epic_games/agent.py\", line 338, in claim_weekly_games\n    await page.wait_for_url(recur_url)\n  File \"/opt/hostedtoolcache/Python/3.10.13/x64/lib/python3.10/site-packages/playwright/async_api/_generated.py\", line 9432, in wait_for_url\n    await self._impl_obj.wait_for_url(\n  File \"/opt/hostedtoolcache/Python/3.10.13/x64/lib/python3.10/site-packages/playwright/_impl/_page.py\", line 508, in wait_for_url\n    return await self._main_frame.wait_for_url(**locals_to_params(locals()))\n  File \"/opt/hostedtoolcache/Python/3.10.13/x64/lib/python3.10/site-packages/playwright/_impl/_frame.py\", line 237, in wait_for_url\n    async with self.expect_navigation(\n  File \"/opt/hostedtoolcache/Python/3.10.13/x64/lib/python3.10/site-packages/playwright/_impl/_event_context_manager.py\", line 33, in __aexit__\n    await self._future\n  File \"/opt/hostedtoolcache/Python/3.10.13/x64/lib/python3.10/site-packages/playwright/_impl/_frame.py\", line 212, in continuation\n    event = await waiter.result()\nplaywright._impl._errors.TimeoutError: Timeout 30000ms exceeded.\n=========================== logs ===========================\nwaiting for navigation to \"https://store.epicgames.com/en-US/cart/success\" until 'load'\n============================================================\n\nDuring handling of the above exception, another exception occurred:\n\nTraceback (most recent call last):\n  File \"/home/runner/work/epic-get/epic-get/epic/src/claim.py\", line 162, in <module>\n    asyncio.run(run())\n  File \"/opt/hostedtoolcache/Python/3.10.13/x64/lib/python3.10/asyncio/runners.py\", line 44, in run\n    return loop.run_until_complete(main)\n  File \"/opt/hostedtoolcache/Python/3.10.13/x64/lib/python3.10/asyncio/base_events.py\", line 636, in run_until_complete\n    self.run_forever()\n  File \"/opt/hostedtoolcache/Python/3.10.13/x64/lib/python3.10/asyncio/base_events.py\", line 603, in run_forever\n    self._run_once()\n  File \"/opt/hostedtoolcache/Python/3.10.13/x64/lib/python3.10/asyncio/base_events.py\", line 1909, in _run_once\n    handle._run()\n  File \"/opt/hostedtoolcache/Python/3.10.13/x64/lib/python3.10/asyncio/events.py\", line 80, in _run\n    self._context.run(self._callback, *self._args)\n> File \"/home/runner/work/epic-get/epic-get/epic/src/claim.py\", line 158, in run\n    await agent.stash()\n  File \"/home/runner/work/epic-get/epic-get/epic/src/claim.py\", line 139, in stash\n    async with async_playwright() as p:\n  File \"/opt/hostedtoolcache/Python/3.10.13/x64/lib/python3.10/site-packages/playwright/async_api/_context_manager.py\", line 58, in __aexit__\n    await self._connection.stop_async()\n  File \"/opt/hostedtoolcache/Python/3.10.13/x64/lib/python3.10/site-packages/playwright/_impl/_connection.py\", line 289, in stop_async\n    self.cleanup()\n  File \"/opt/hostedtoolcache/Python/3.10.13/x64/lib/python3.10/site-packages/playwright/_impl/_connection.py\", line 300, in cleanup\n    callback.future.set_exception(self._closed_error)\nasyncio.exceptions.InvalidStateError: invalid state\n", "record": {"elapsed": {"repr": "0:03:11.899651", "seconds": 191.899651}, "exception": {"type": "InvalidStateError", "value": "invalid state", "traceback": true}, "extra": {}, "file": {"name": "claim.py", "path": "/home/runner/work/epic-get/epic-get/epic/src/claim.py"}, "function": "run", "level": {"icon": "‚ùå", "name": "ERROR", "no": 40}, "line": 158, "message": "An error has been caught in function 'run', process 'MainProcess' (3521), thread 'MainThread' (140505086262144):", "module": "claim", "name": "__main__", "process": {"id": 3521, "name": "MainProcess"}, "thread": {"id": 140505086262144, "name": "MainThread"}, "time": {"repr": "2024-02-11 06:24:18.298117+08:00", "timestamp": 1707603858.298117}}}
