{"text": "2024-02-05 06:28:46 | INFO    | __main__:stash:131 | run - {'image': '20231121', 'version': '0.10.1.post2', 'role': 'EpicPlayer', 'headless': True}\n", "record": {"elapsed": {"repr": "0:00:00.869325", "seconds": 0.869325}, "exception": null, "extra": {"image": "20231121", "version": "0.10.1.post2", "role": "EpicPlayer", "headless": true}, "file": {"name": "claim.py", "path": "/home/runner/work/epic-get/epic-get/epic/src/claim.py"}, "function": "stash", "level": {"icon": "ℹ️", "name": "INFO", "no": 20}, "line": 131, "message": "run", "module": "claim", "name": "__main__", "process": {"id": 3555, "name": "MainProcess"}, "thread": {"id": 140094600702848, "name": "MainThread"}, "time": {"repr": "2024-02-05 06:28:46.893812+08:00", "timestamp": 1707085726.893812}}}
{"text": "2024-02-05 06:28:53 | WARNING    | epic_games.agent:get_order_history:467 | Failed to get order history, cookie may have expired - {}\n", "record": {"elapsed": {"repr": "0:00:07.526792", "seconds": 7.526792}, "exception": null, "extra": {}, "file": {"name": "agent.py", "path": "/home/runner/work/epic-get/epic-get/epic/src/epic_games/agent.py"}, "function": "get_order_history", "level": {"icon": "⚠️", "name": "WARNING", "no": 30}, "line": 467, "message": "Failed to get order history, cookie may have expired", "module": "agent", "name": "epic_games.agent", "process": {"id": 3555, "name": "MainProcess"}, "thread": {"id": 140094600702848, "name": "MainThread"}, "time": {"repr": "2024-02-05 06:28:53.551279+08:00", "timestamp": 1707085733.551279}}}
{"text": "2024-02-05 06:28:53 | DEBUG    | __main__:create_tasks:66 | Put task - {'title': 'Doors - Paradox', 'url': 'https://store.epicgames.com/en-US/p/doors-paradox-5896c7'}\n", "record": {"elapsed": {"repr": "0:00:07.587763", "seconds": 7.587763}, "exception": null, "extra": {"title": "Doors - Paradox", "url": "https://store.epicgames.com/en-US/p/doors-paradox-5896c7"}, "file": {"name": "claim.py", "path": "/home/runner/work/epic-get/epic-get/epic/src/claim.py"}, "function": "create_tasks", "level": {"icon": "🐞", "name": "DEBUG", "no": 10}, "line": 66, "message": "Put task", "module": "claim", "name": "__main__", "process": {"id": 3555, "name": "MainProcess"}, "thread": {"id": 140094600702848, "name": "MainThread"}, "time": {"repr": "2024-02-05 06:28:53.612250+08:00", "timestamp": 1707085733.61225}}}
{"text": "2024-02-05 06:28:58 | INFO    | epic_games.agent:claim_weekly_games:294 | claim_weekly_games - {'action': 'go to store', 'url': 'https://store.epicgames.com/en-US/p/doors-paradox-5896c7'}\n", "record": {"elapsed": {"repr": "0:00:12.421749", "seconds": 12.421749}, "exception": null, "extra": {"action": "go to store", "url": "https://store.epicgames.com/en-US/p/doors-paradox-5896c7"}, "file": {"name": "agent.py", "path": "/home/runner/work/epic-get/epic-get/epic/src/epic_games/agent.py"}, "function": "claim_weekly_games", "level": {"icon": "ℹ️", "name": "INFO", "no": 20}, "line": 294, "message": "claim_weekly_games", "module": "agent", "name": "epic_games.agent", "process": {"id": 3555, "name": "MainProcess"}, "thread": {"id": 140094600702848, "name": "MainThread"}, "time": {"repr": "2024-02-05 06:28:58.446236+08:00", "timestamp": 1707085738.446236}}}
{"text": "2024-02-05 06:29:07 | INFO    | epic_games.agent:claim_weekly_games:326 | claim_weekly_games - {'action': 'move to webPurchaseContainer iframe'}\n", "record": {"elapsed": {"repr": "0:00:21.009351", "seconds": 21.009351}, "exception": null, "extra": {"action": "move to webPurchaseContainer iframe"}, "file": {"name": "agent.py", "path": "/home/runner/work/epic-get/epic-get/epic/src/epic_games/agent.py"}, "function": "claim_weekly_games", "level": {"icon": "ℹ️", "name": "INFO", "no": 20}, "line": 326, "message": "claim_weekly_games", "module": "agent", "name": "epic_games.agent", "process": {"id": 3555, "name": "MainProcess"}, "thread": {"id": 140094600702848, "name": "MainThread"}, "time": {"repr": "2024-02-05 06:29:07.033838+08:00", "timestamp": 1707085747.033838}}}
{"text": "2024-02-05 06:29:09 | INFO    | epic_games.agent:claim_weekly_games:328 | claim_weekly_games - {'action': 'click payment button'}\n", "record": {"elapsed": {"repr": "0:00:23.404434", "seconds": 23.404434}, "exception": null, "extra": {"action": "click payment button"}, "file": {"name": "agent.py", "path": "/home/runner/work/epic-get/epic-get/epic/src/epic_games/agent.py"}, "function": "claim_weekly_games", "level": {"icon": "ℹ️", "name": "INFO", "no": 20}, "line": 328, "message": "claim_weekly_games", "module": "agent", "name": "epic_games.agent", "process": {"id": 3555, "name": "MainProcess"}, "thread": {"id": 140094600702848, "name": "MainThread"}, "time": {"repr": "2024-02-05 06:29:09.428921+08:00", "timestamp": 1707085749.428921}}}
{"text": "2024-02-05 06:29:14 | DEBUG    | hcaptcha_challenger.agents.playwright.control:_parse_label:241 | get task - {'prompt': 'Please click on the obϳect that differs from otһers.'}\n", "record": {"elapsed": {"repr": "0:00:28.406433", "seconds": 28.406433}, "exception": null, "extra": {"prompt": "Please click on the obϳect that differs from otһers."}, "file": {"name": "control.py", "path": "/opt/hostedtoolcache/Python/3.10.13/x64/lib/python3.10/site-packages/hcaptcha_challenger/agents/playwright/control.py"}, "function": "_parse_label", "level": {"icon": "🐞", "name": "DEBUG", "no": 10}, "line": 241, "message": "get task", "module": "control", "name": "hcaptcha_challenger.agents.playwright.control", "process": {"id": 3555, "name": "MainProcess"}, "thread": {"id": 140094600702848, "name": "MainThread"}, "time": {"repr": "2024-02-05 06:29:14.430920+08:00", "timestamp": 1707085754.43092}}}
{"text": "2024-02-05 06:29:19 | DEBUG    | epic_games.agent:insert_challenge:106 | task done - {'sattus': 'success'}\n", "record": {"elapsed": {"repr": "0:00:33.345628", "seconds": 33.345628}, "exception": null, "extra": {"sattus": "success"}, "file": {"name": "agent.py", "path": "/home/runner/work/epic-get/epic-get/epic/src/epic_games/agent.py"}, "function": "insert_challenge", "level": {"icon": "🐞", "name": "DEBUG", "no": 10}, "line": 106, "message": "task done", "module": "agent", "name": "epic_games.agent", "process": {"id": 3555, "name": "MainProcess"}, "thread": {"id": 140094600702848, "name": "MainThread"}, "time": {"repr": "2024-02-05 06:29:19.370115+08:00", "timestamp": 1707085759.370115}}}
{"text": "2024-02-05 06:29:51 | INFO    | epic_games.agent:claim_weekly_games:294 | claim_weekly_games - {'action': 'go to store', 'url': 'https://store.epicgames.com/en-US/p/doors-paradox-5896c7'}\n", "record": {"elapsed": {"repr": "0:01:05.488054", "seconds": 65.488054}, "exception": null, "extra": {"action": "go to store", "url": "https://store.epicgames.com/en-US/p/doors-paradox-5896c7"}, "file": {"name": "agent.py", "path": "/home/runner/work/epic-get/epic-get/epic/src/epic_games/agent.py"}, "function": "claim_weekly_games", "level": {"icon": "ℹ️", "name": "INFO", "no": 20}, "line": 294, "message": "claim_weekly_games", "module": "agent", "name": "epic_games.agent", "process": {"id": 3555, "name": "MainProcess"}, "thread": {"id": 140094600702848, "name": "MainThread"}, "time": {"repr": "2024-02-05 06:29:51.512541+08:00", "timestamp": 1707085791.512541}}}
{"text": "2024-02-05 06:30:00 | INFO    | epic_games.agent:claim_weekly_games:326 | claim_weekly_games - {'action': 'move to webPurchaseContainer iframe'}\n", "record": {"elapsed": {"repr": "0:01:14.176578", "seconds": 74.176578}, "exception": null, "extra": {"action": "move to webPurchaseContainer iframe"}, "file": {"name": "agent.py", "path": "/home/runner/work/epic-get/epic-get/epic/src/epic_games/agent.py"}, "function": "claim_weekly_games", "level": {"icon": "ℹ️", "name": "INFO", "no": 20}, "line": 326, "message": "claim_weekly_games", "module": "agent", "name": "epic_games.agent", "process": {"id": 3555, "name": "MainProcess"}, "thread": {"id": 140094600702848, "name": "MainThread"}, "time": {"repr": "2024-02-05 06:30:00.201065+08:00", "timestamp": 1707085800.201065}}}
{"text": "2024-02-05 06:30:02 | INFO    | epic_games.agent:claim_weekly_games:328 | claim_weekly_games - {'action': 'click payment button'}\n", "record": {"elapsed": {"repr": "0:01:16.560851", "seconds": 76.560851}, "exception": null, "extra": {"action": "click payment button"}, "file": {"name": "agent.py", "path": "/home/runner/work/epic-get/epic-get/epic/src/epic_games/agent.py"}, "function": "claim_weekly_games", "level": {"icon": "ℹ️", "name": "INFO", "no": 20}, "line": 328, "message": "claim_weekly_games", "module": "agent", "name": "epic_games.agent", "process": {"id": 3555, "name": "MainProcess"}, "thread": {"id": 140094600702848, "name": "MainThread"}, "time": {"repr": "2024-02-05 06:30:02.585338+08:00", "timestamp": 1707085802.585338}}}
{"text": "2024-02-05 06:30:07 | DEBUG    | hcaptcha_challenger.agents.playwright.control:_parse_label:241 | get task - {'prompt': 'Please click on tһe object tһat differs from others.'}\n", "record": {"elapsed": {"repr": "0:01:21.562635", "seconds": 81.562635}, "exception": null, "extra": {"prompt": "Please click on tһe object tһat differs from others."}, "file": {"name": "control.py", "path": "/opt/hostedtoolcache/Python/3.10.13/x64/lib/python3.10/site-packages/hcaptcha_challenger/agents/playwright/control.py"}, "function": "_parse_label", "level": {"icon": "🐞", "name": "DEBUG", "no": 10}, "line": 241, "message": "get task", "module": "control", "name": "hcaptcha_challenger.agents.playwright.control", "process": {"id": 3555, "name": "MainProcess"}, "thread": {"id": 140094600702848, "name": "MainThread"}, "time": {"repr": "2024-02-05 06:30:07.587122+08:00", "timestamp": 1707085807.587122}}}
{"text": "2024-02-05 06:30:12 | DEBUG    | epic_games.agent:insert_challenge:106 | task done - {'sattus': 'success'}\n", "record": {"elapsed": {"repr": "0:01:26.439789", "seconds": 86.439789}, "exception": null, "extra": {"sattus": "success"}, "file": {"name": "agent.py", "path": "/home/runner/work/epic-get/epic-get/epic/src/epic_games/agent.py"}, "function": "insert_challenge", "level": {"icon": "🐞", "name": "DEBUG", "no": 10}, "line": 106, "message": "task done", "module": "agent", "name": "epic_games.agent", "process": {"id": 3555, "name": "MainProcess"}, "thread": {"id": 140094600702848, "name": "MainThread"}, "time": {"repr": "2024-02-05 06:30:12.464276+08:00", "timestamp": 1707085812.464276}}}
{"text": "2024-02-05 06:30:44 | INFO    | epic_games.agent:claim_weekly_games:294 | claim_weekly_games - {'action': 'go to store', 'url': 'https://store.epicgames.com/en-US/p/doors-paradox-5896c7'}\n", "record": {"elapsed": {"repr": "0:01:58.580635", "seconds": 118.580635}, "exception": null, "extra": {"action": "go to store", "url": "https://store.epicgames.com/en-US/p/doors-paradox-5896c7"}, "file": {"name": "agent.py", "path": "/home/runner/work/epic-get/epic-get/epic/src/epic_games/agent.py"}, "function": "claim_weekly_games", "level": {"icon": "ℹ️", "name": "INFO", "no": 20}, "line": 294, "message": "claim_weekly_games", "module": "agent", "name": "epic_games.agent", "process": {"id": 3555, "name": "MainProcess"}, "thread": {"id": 140094600702848, "name": "MainThread"}, "time": {"repr": "2024-02-05 06:30:44.605122+08:00", "timestamp": 1707085844.605122}}}
{"text": "2024-02-05 06:30:53 | INFO    | epic_games.agent:claim_weekly_games:326 | claim_weekly_games - {'action': 'move to webPurchaseContainer iframe'}\n", "record": {"elapsed": {"repr": "0:02:07.004354", "seconds": 127.004354}, "exception": null, "extra": {"action": "move to webPurchaseContainer iframe"}, "file": {"name": "agent.py", "path": "/home/runner/work/epic-get/epic-get/epic/src/epic_games/agent.py"}, "function": "claim_weekly_games", "level": {"icon": "ℹ️", "name": "INFO", "no": 20}, "line": 326, "message": "claim_weekly_games", "module": "agent", "name": "epic_games.agent", "process": {"id": 3555, "name": "MainProcess"}, "thread": {"id": 140094600702848, "name": "MainThread"}, "time": {"repr": "2024-02-05 06:30:53.028841+08:00", "timestamp": 1707085853.028841}}}
{"text": "2024-02-05 06:30:55 | INFO    | epic_games.agent:claim_weekly_games:328 | claim_weekly_games - {'action': 'click payment button'}\n", "record": {"elapsed": {"repr": "0:02:09.385694", "seconds": 129.385694}, "exception": null, "extra": {"action": "click payment button"}, "file": {"name": "agent.py", "path": "/home/runner/work/epic-get/epic-get/epic/src/epic_games/agent.py"}, "function": "claim_weekly_games", "level": {"icon": "ℹ️", "name": "INFO", "no": 20}, "line": 328, "message": "claim_weekly_games", "module": "agent", "name": "epic_games.agent", "process": {"id": 3555, "name": "MainProcess"}, "thread": {"id": 140094600702848, "name": "MainThread"}, "time": {"repr": "2024-02-05 06:30:55.410181+08:00", "timestamp": 1707085855.410181}}}
{"text": "2024-02-05 06:31:00 | DEBUG    | hcaptcha_challenger.agents.playwright.control:_parse_label:241 | get task - {'prompt': 'Ρlease click on the object that ԁіffers from others.'}\n", "record": {"elapsed": {"repr": "0:02:14.388573", "seconds": 134.388573}, "exception": null, "extra": {"prompt": "Ρlease click on the object that ԁіffers from others."}, "file": {"name": "control.py", "path": "/opt/hostedtoolcache/Python/3.10.13/x64/lib/python3.10/site-packages/hcaptcha_challenger/agents/playwright/control.py"}, "function": "_parse_label", "level": {"icon": "🐞", "name": "DEBUG", "no": 10}, "line": 241, "message": "get task", "module": "control", "name": "hcaptcha_challenger.agents.playwright.control", "process": {"id": 3555, "name": "MainProcess"}, "thread": {"id": 140094600702848, "name": "MainThread"}, "time": {"repr": "2024-02-05 06:31:00.413060+08:00", "timestamp": 1707085860.41306}}}
{"text": "2024-02-05 06:31:05 | DEBUG    | epic_games.agent:insert_challenge:106 | task done - {'sattus': 'success'}\n", "record": {"elapsed": {"repr": "0:02:19.779564", "seconds": 139.779564}, "exception": null, "extra": {"sattus": "success"}, "file": {"name": "agent.py", "path": "/home/runner/work/epic-get/epic-get/epic/src/epic_games/agent.py"}, "function": "insert_challenge", "level": {"icon": "🐞", "name": "DEBUG", "no": 10}, "line": 106, "message": "task done", "module": "agent", "name": "epic_games.agent", "process": {"id": 3555, "name": "MainProcess"}, "thread": {"id": 140094600702848, "name": "MainThread"}, "time": {"repr": "2024-02-05 06:31:05.804051+08:00", "timestamp": 1707085865.804051}}}
{"text": "2024-02-05 06:31:37 | ERROR    | __main__:run:158 | An error has been caught in function 'run', process 'MainProcess' (3555), thread 'MainThread' (140094600702848): - {}\nTraceback (most recent call last):\n  File \"/home/runner/work/epic-get/epic-get/epic/src/claim.py\", line 151, in stash\n    await self.claim_epic_games(context)\n  File \"/home/runner/work/epic-get/epic-get/epic/src/claim.py\", line 122, in claim_epic_games\n    await epic.claim_weekly_games(page, single_promotions)\n  File \"/opt/hostedtoolcache/Python/3.10.13/x64/lib/python3.10/site-packages/tenacity/_asyncio.py\", line 88, in async_wrapped\n    return await fn(*args, **kwargs)\n  File \"/opt/hostedtoolcache/Python/3.10.13/x64/lib/python3.10/site-packages/tenacity/_asyncio.py\", line 47, in __call__\n    do = self.iter(retry_state=retry_state)\n  File \"/opt/hostedtoolcache/Python/3.10.13/x64/lib/python3.10/site-packages/tenacity/__init__.py\", line 325, in iter\n    raise retry_exc.reraise()\n  File \"/opt/hostedtoolcache/Python/3.10.13/x64/lib/python3.10/site-packages/tenacity/__init__.py\", line 158, in reraise\n    raise self.last_attempt.result()\n  File \"/opt/hostedtoolcache/Python/3.10.13/x64/lib/python3.10/concurrent/futures/_base.py\", line 451, in result\n    return self.__get_result()\n  File \"/opt/hostedtoolcache/Python/3.10.13/x64/lib/python3.10/concurrent/futures/_base.py\", line 403, in __get_result\n    raise self._exception\n  File \"/opt/hostedtoolcache/Python/3.10.13/x64/lib/python3.10/site-packages/tenacity/_asyncio.py\", line 50, in __call__\n    result = await fn(*args, **kwargs)\n  File \"/home/runner/work/epic-get/epic-get/epic/src/epic_games/agent.py\", line 338, in claim_weekly_games\n    await page.wait_for_url(recur_url)\n  File \"/opt/hostedtoolcache/Python/3.10.13/x64/lib/python3.10/site-packages/playwright/async_api/_generated.py\", line 9432, in wait_for_url\n    await self._impl_obj.wait_for_url(\n  File \"/opt/hostedtoolcache/Python/3.10.13/x64/lib/python3.10/site-packages/playwright/_impl/_page.py\", line 508, in wait_for_url\n    return await self._main_frame.wait_for_url(**locals_to_params(locals()))\n  File \"/opt/hostedtoolcache/Python/3.10.13/x64/lib/python3.10/site-packages/playwright/_impl/_frame.py\", line 237, in wait_for_url\n    async with self.expect_navigation(\n  File \"/opt/hostedtoolcache/Python/3.10.13/x64/lib/python3.10/site-packages/playwright/_impl/_event_context_manager.py\", line 33, in __aexit__\n    await self._future\n  File \"/opt/hostedtoolcache/Python/3.10.13/x64/lib/python3.10/site-packages/playwright/_impl/_frame.py\", line 212, in continuation\n    event = await waiter.result()\nplaywright._impl._errors.TimeoutError: Timeout 30000ms exceeded.\n=========================== logs ===========================\nwaiting for navigation to \"https://store.epicgames.com/en-US/cart/success\" until 'load'\n============================================================\n\nDuring handling of the above exception, another exception occurred:\n\nTraceback (most recent call last):\n  File \"/home/runner/work/epic-get/epic-get/epic/src/claim.py\", line 162, in <module>\n    asyncio.run(run())\n  File \"/opt/hostedtoolcache/Python/3.10.13/x64/lib/python3.10/asyncio/runners.py\", line 44, in run\n    return loop.run_until_complete(main)\n  File \"/opt/hostedtoolcache/Python/3.10.13/x64/lib/python3.10/asyncio/base_events.py\", line 636, in run_until_complete\n    self.run_forever()\n  File \"/opt/hostedtoolcache/Python/3.10.13/x64/lib/python3.10/asyncio/base_events.py\", line 603, in run_forever\n    self._run_once()\n  File \"/opt/hostedtoolcache/Python/3.10.13/x64/lib/python3.10/asyncio/base_events.py\", line 1909, in _run_once\n    handle._run()\n  File \"/opt/hostedtoolcache/Python/3.10.13/x64/lib/python3.10/asyncio/events.py\", line 80, in _run\n    self._context.run(self._callback, *self._args)\n> File \"/home/runner/work/epic-get/epic-get/epic/src/claim.py\", line 158, in run\n    await agent.stash()\n  File \"/home/runner/work/epic-get/epic-get/epic/src/claim.py\", line 139, in stash\n    async with async_playwright() as p:\n  File \"/opt/hostedtoolcache/Python/3.10.13/x64/lib/python3.10/site-packages/playwright/async_api/_context_manager.py\", line 58, in __aexit__\n    await self._connection.stop_async()\n  File \"/opt/hostedtoolcache/Python/3.10.13/x64/lib/python3.10/site-packages/playwright/_impl/_connection.py\", line 289, in stop_async\n    self.cleanup()\n  File \"/opt/hostedtoolcache/Python/3.10.13/x64/lib/python3.10/site-packages/playwright/_impl/_connection.py\", line 300, in cleanup\n    callback.future.set_exception(self._closed_error)\nasyncio.exceptions.InvalidStateError: invalid state\n", "record": {"elapsed": {"repr": "0:02:51.680322", "seconds": 171.680322}, "exception": {"type": "InvalidStateError", "value": "invalid state", "traceback": true}, "extra": {}, "file": {"name": "claim.py", "path": "/home/runner/work/epic-get/epic-get/epic/src/claim.py"}, "function": "run", "level": {"icon": "❌", "name": "ERROR", "no": 40}, "line": 158, "message": "An error has been caught in function 'run', process 'MainProcess' (3555), thread 'MainThread' (140094600702848):", "module": "claim", "name": "__main__", "process": {"id": 3555, "name": "MainProcess"}, "thread": {"id": 140094600702848, "name": "MainThread"}, "time": {"repr": "2024-02-05 06:31:37.704809+08:00", "timestamp": 1707085897.704809}}}
