{"text": "2023-12-21 06:30:07 | INFO    | __main__:stash:131 | run - {'image': '20231121', 'version': '0.10.1.post2', 'role': 'EpicPlayer', 'headless': True}\n", "record": {"elapsed": {"repr": "0:00:01.224933", "seconds": 1.224933}, "exception": null, "extra": {"image": "20231121", "version": "0.10.1.post2", "role": "EpicPlayer", "headless": true}, "file": {"name": "claim.py", "path": "/home/runner/work/epic-get/epic-get/epic/src/claim.py"}, "function": "stash", "level": {"icon": "‚ÑπÔ∏è", "name": "INFO", "no": 20}, "line": 131, "message": "run", "module": "claim", "name": "__main__", "process": {"id": 3558, "name": "MainProcess"}, "thread": {"id": 140131197873024, "name": "MainThread"}, "time": {"repr": "2023-12-21 06:30:07.157788+08:00", "timestamp": 1703111407.157788}}}
{"text": "2023-12-21 06:30:11 | DEBUG    | __main__:create_tasks:66 | Put task - {'title': 'DNF Duel', 'url': 'https://store.epicgames.com/en-US/p/dnf-duel-07d055'}\n", "record": {"elapsed": {"repr": "0:00:05.617670", "seconds": 5.61767}, "exception": null, "extra": {"title": "DNF Duel", "url": "https://store.epicgames.com/en-US/p/dnf-duel-07d055"}, "file": {"name": "claim.py", "path": "/home/runner/work/epic-get/epic-get/epic/src/claim.py"}, "function": "create_tasks", "level": {"icon": "üêû", "name": "DEBUG", "no": 10}, "line": 66, "message": "Put task", "module": "claim", "name": "__main__", "process": {"id": 3558, "name": "MainProcess"}, "thread": {"id": 140131197873024, "name": "MainThread"}, "time": {"repr": "2023-12-21 06:30:11.550525+08:00", "timestamp": 1703111411.550525}}}
{"text": "2023-12-21 06:30:16 | INFO    | epic_games.agent:claim_weekly_games:294 | claim_weekly_games - {'action': 'go to store', 'url': 'https://store.epicgames.com/en-US/p/dnf-duel-07d055'}\n", "record": {"elapsed": {"repr": "0:00:10.741103", "seconds": 10.741103}, "exception": null, "extra": {"action": "go to store", "url": "https://store.epicgames.com/en-US/p/dnf-duel-07d055"}, "file": {"name": "agent.py", "path": "/home/runner/work/epic-get/epic-get/epic/src/epic_games/agent.py"}, "function": "claim_weekly_games", "level": {"icon": "‚ÑπÔ∏è", "name": "INFO", "no": 20}, "line": 294, "message": "claim_weekly_games", "module": "agent", "name": "epic_games.agent", "process": {"id": 3558, "name": "MainProcess"}, "thread": {"id": 140131197873024, "name": "MainThread"}, "time": {"repr": "2023-12-21 06:30:16.673958+08:00", "timestamp": 1703111416.673958}}}
{"text": "2023-12-21 06:30:25 | INFO    | epic_games.agent:claim_weekly_games:326 | claim_weekly_games - {'action': 'move to webPurchaseContainer iframe'}\n", "record": {"elapsed": {"repr": "0:00:19.400310", "seconds": 19.40031}, "exception": null, "extra": {"action": "move to webPurchaseContainer iframe"}, "file": {"name": "agent.py", "path": "/home/runner/work/epic-get/epic-get/epic/src/epic_games/agent.py"}, "function": "claim_weekly_games", "level": {"icon": "‚ÑπÔ∏è", "name": "INFO", "no": 20}, "line": 326, "message": "claim_weekly_games", "module": "agent", "name": "epic_games.agent", "process": {"id": 3558, "name": "MainProcess"}, "thread": {"id": 140131197873024, "name": "MainThread"}, "time": {"repr": "2023-12-21 06:30:25.333165+08:00", "timestamp": 1703111425.333165}}}
{"text": "2023-12-21 06:30:27 | INFO    | epic_games.agent:claim_weekly_games:328 | claim_weekly_games - {'action': 'click payment button'}\n", "record": {"elapsed": {"repr": "0:00:21.806570", "seconds": 21.80657}, "exception": null, "extra": {"action": "click payment button"}, "file": {"name": "agent.py", "path": "/home/runner/work/epic-get/epic-get/epic/src/epic_games/agent.py"}, "function": "claim_weekly_games", "level": {"icon": "‚ÑπÔ∏è", "name": "INFO", "no": 20}, "line": 328, "message": "claim_weekly_games", "module": "agent", "name": "epic_games.agent", "process": {"id": 3558, "name": "MainProcess"}, "thread": {"id": 140131197873024, "name": "MainThread"}, "time": {"repr": "2023-12-21 06:30:27.739425+08:00", "timestamp": 1703111427.739425}}}
{"text": "2023-12-21 06:30:32 | DEBUG    | hcaptcha_challenger.agents.playwright.control:_parse_label:241 | get task - {'prompt': 'Please —Ålick ea—Åh image containing a cup of eggnog'}\n", "record": {"elapsed": {"repr": "0:00:26.810510", "seconds": 26.81051}, "exception": null, "extra": {"prompt": "Please —Ålick ea—Åh image containing a cup of eggnog"}, "file": {"name": "control.py", "path": "/opt/hostedtoolcache/Python/3.10.13/x64/lib/python3.10/site-packages/hcaptcha_challenger/agents/playwright/control.py"}, "function": "_parse_label", "level": {"icon": "üêû", "name": "DEBUG", "no": 10}, "line": 241, "message": "get task", "module": "control", "name": "hcaptcha_challenger.agents.playwright.control", "process": {"id": 3558, "name": "MainProcess"}, "thread": {"id": 140131197873024, "name": "MainThread"}, "time": {"repr": "2023-12-21 06:30:32.743365+08:00", "timestamp": 1703111432.743365}}}
{"text": "2023-12-21 06:30:33 | DEBUG    | hcaptcha_challenger.agents.playwright.control:_catch_all_binary_challenge:474 | handle task - {'unsupervised': 'binary', 'candidate_labels': ['This is a picture that looks like cup of eggnog.', \"This is a picture that don't look like cup of eggnog.\"], 'prompt': 'Please —Ålick ea—Åh image containing a cup of eggnog', 'timit': '0.953s'}\n", "record": {"elapsed": {"repr": "0:00:27.889959", "seconds": 27.889959}, "exception": null, "extra": {"unsupervised": "binary", "candidate_labels": ["This is a picture that looks like cup of eggnog.", "This is a picture that don't look like cup of eggnog."], "prompt": "Please —Ålick ea—Åh image containing a cup of eggnog", "timit": "0.953s"}, "file": {"name": "control.py", "path": "/opt/hostedtoolcache/Python/3.10.13/x64/lib/python3.10/site-packages/hcaptcha_challenger/agents/playwright/control.py"}, "function": "_catch_all_binary_challenge", "level": {"icon": "üêû", "name": "DEBUG", "no": 10}, "line": 474, "message": "handle task", "module": "control", "name": "hcaptcha_challenger.agents.playwright.control", "process": {"id": 3558, "name": "MainProcess"}, "thread": {"id": 140131197873024, "name": "MainThread"}, "time": {"repr": "2023-12-21 06:30:33.822814+08:00", "timestamp": 1703111433.822814}}}
{"text": "2023-12-21 06:30:44 | DEBUG    | epic_games.agent:insert_challenge:106 | task done - {'sattus': 'success'}\n", "record": {"elapsed": {"repr": "0:00:38.682518", "seconds": 38.682518}, "exception": null, "extra": {"sattus": "success"}, "file": {"name": "agent.py", "path": "/home/runner/work/epic-get/epic-get/epic/src/epic_games/agent.py"}, "function": "insert_challenge", "level": {"icon": "üêû", "name": "DEBUG", "no": 10}, "line": 106, "message": "task done", "module": "agent", "name": "epic_games.agent", "process": {"id": 3558, "name": "MainProcess"}, "thread": {"id": 140131197873024, "name": "MainThread"}, "time": {"repr": "2023-12-21 06:30:44.615373+08:00", "timestamp": 1703111444.615373}}}
{"text": "2023-12-21 06:31:16 | INFO    | epic_games.agent:claim_weekly_games:294 | claim_weekly_games - {'action': 'go to store', 'url': 'https://store.epicgames.com/en-US/p/dnf-duel-07d055'}\n", "record": {"elapsed": {"repr": "0:01:10.844821", "seconds": 70.844821}, "exception": null, "extra": {"action": "go to store", "url": "https://store.epicgames.com/en-US/p/dnf-duel-07d055"}, "file": {"name": "agent.py", "path": "/home/runner/work/epic-get/epic-get/epic/src/epic_games/agent.py"}, "function": "claim_weekly_games", "level": {"icon": "‚ÑπÔ∏è", "name": "INFO", "no": 20}, "line": 294, "message": "claim_weekly_games", "module": "agent", "name": "epic_games.agent", "process": {"id": 3558, "name": "MainProcess"}, "thread": {"id": 140131197873024, "name": "MainThread"}, "time": {"repr": "2023-12-21 06:31:16.777676+08:00", "timestamp": 1703111476.777676}}}
{"text": "2023-12-21 06:31:25 | INFO    | epic_games.agent:claim_weekly_games:326 | claim_weekly_games - {'action': 'move to webPurchaseContainer iframe'}\n", "record": {"elapsed": {"repr": "0:01:19.513873", "seconds": 79.513873}, "exception": null, "extra": {"action": "move to webPurchaseContainer iframe"}, "file": {"name": "agent.py", "path": "/home/runner/work/epic-get/epic-get/epic/src/epic_games/agent.py"}, "function": "claim_weekly_games", "level": {"icon": "‚ÑπÔ∏è", "name": "INFO", "no": 20}, "line": 326, "message": "claim_weekly_games", "module": "agent", "name": "epic_games.agent", "process": {"id": 3558, "name": "MainProcess"}, "thread": {"id": 140131197873024, "name": "MainThread"}, "time": {"repr": "2023-12-21 06:31:25.446728+08:00", "timestamp": 1703111485.446728}}}
{"text": "2023-12-21 06:31:27 | INFO    | epic_games.agent:claim_weekly_games:328 | claim_weekly_games - {'action': 'click payment button'}\n", "record": {"elapsed": {"repr": "0:01:21.901451", "seconds": 81.901451}, "exception": null, "extra": {"action": "click payment button"}, "file": {"name": "agent.py", "path": "/home/runner/work/epic-get/epic-get/epic/src/epic_games/agent.py"}, "function": "claim_weekly_games", "level": {"icon": "‚ÑπÔ∏è", "name": "INFO", "no": 20}, "line": 328, "message": "claim_weekly_games", "module": "agent", "name": "epic_games.agent", "process": {"id": 3558, "name": "MainProcess"}, "thread": {"id": 140131197873024, "name": "MainThread"}, "time": {"repr": "2023-12-21 06:31:27.834306+08:00", "timestamp": 1703111487.834306}}}
{"text": "2023-12-21 06:31:32 | DEBUG    | hcaptcha_challenger.agents.playwright.control:_parse_label:241 | get task - {'prompt': 'Please i‘Åentify and click on all —Äictures featuring a bird'}\n", "record": {"elapsed": {"repr": "0:01:26.903423", "seconds": 86.903423}, "exception": null, "extra": {"prompt": "Please i‘Åentify and click on all —Äictures featuring a bird"}, "file": {"name": "control.py", "path": "/opt/hostedtoolcache/Python/3.10.13/x64/lib/python3.10/site-packages/hcaptcha_challenger/agents/playwright/control.py"}, "function": "_parse_label", "level": {"icon": "üêû", "name": "DEBUG", "no": 10}, "line": 241, "message": "get task", "module": "control", "name": "hcaptcha_challenger.agents.playwright.control", "process": {"id": 3558, "name": "MainProcess"}, "thread": {"id": 140131197873024, "name": "MainThread"}, "time": {"repr": "2023-12-21 06:31:32.836278+08:00", "timestamp": 1703111492.836278}}}
{"text": "2023-12-21 06:31:33 | DEBUG    | hcaptcha_challenger.agents.playwright.control:_catch_all_binary_challenge:474 | handle task - {'unsupervised': 'binary', 'candidate_labels': ['This is a picture that looks like please identify and click on all pictures featuring a bird.', \"This is a picture that don't look like please identify and click on all pictures featuring a bird.\"], 'prompt': 'Please i‘Åentify and click on all —Äictures featuring a bird', 'timit': '0.878s'}\n", "record": {"elapsed": {"repr": "0:01:27.917335", "seconds": 87.917335}, "exception": null, "extra": {"unsupervised": "binary", "candidate_labels": ["This is a picture that looks like please identify and click on all pictures featuring a bird.", "This is a picture that don't look like please identify and click on all pictures featuring a bird."], "prompt": "Please i‘Åentify and click on all —Äictures featuring a bird", "timit": "0.878s"}, "file": {"name": "control.py", "path": "/opt/hostedtoolcache/Python/3.10.13/x64/lib/python3.10/site-packages/hcaptcha_challenger/agents/playwright/control.py"}, "function": "_catch_all_binary_challenge", "level": {"icon": "üêû", "name": "DEBUG", "no": 10}, "line": 474, "message": "handle task", "module": "control", "name": "hcaptcha_challenger.agents.playwright.control", "process": {"id": 3558, "name": "MainProcess"}, "thread": {"id": 140131197873024, "name": "MainThread"}, "time": {"repr": "2023-12-21 06:31:33.850190+08:00", "timestamp": 1703111493.85019}}}
{"text": "2023-12-21 06:31:45 | DEBUG    | epic_games.agent:insert_challenge:106 | task done - {'sattus': 'success'}\n", "record": {"elapsed": {"repr": "0:01:39.135510", "seconds": 99.13551}, "exception": null, "extra": {"sattus": "success"}, "file": {"name": "agent.py", "path": "/home/runner/work/epic-get/epic-get/epic/src/epic_games/agent.py"}, "function": "insert_challenge", "level": {"icon": "üêû", "name": "DEBUG", "no": 10}, "line": 106, "message": "task done", "module": "agent", "name": "epic_games.agent", "process": {"id": 3558, "name": "MainProcess"}, "thread": {"id": 140131197873024, "name": "MainThread"}, "time": {"repr": "2023-12-21 06:31:45.068365+08:00", "timestamp": 1703111505.068365}}}
{"text": "2023-12-21 06:32:17 | INFO    | epic_games.agent:claim_weekly_games:294 | claim_weekly_games - {'action': 'go to store', 'url': 'https://store.epicgames.com/en-US/p/dnf-duel-07d055'}\n", "record": {"elapsed": {"repr": "0:02:11.299254", "seconds": 131.299254}, "exception": null, "extra": {"action": "go to store", "url": "https://store.epicgames.com/en-US/p/dnf-duel-07d055"}, "file": {"name": "agent.py", "path": "/home/runner/work/epic-get/epic-get/epic/src/epic_games/agent.py"}, "function": "claim_weekly_games", "level": {"icon": "‚ÑπÔ∏è", "name": "INFO", "no": 20}, "line": 294, "message": "claim_weekly_games", "module": "agent", "name": "epic_games.agent", "process": {"id": 3558, "name": "MainProcess"}, "thread": {"id": 140131197873024, "name": "MainThread"}, "time": {"repr": "2023-12-21 06:32:17.232109+08:00", "timestamp": 1703111537.232109}}}
{"text": "2023-12-21 06:32:25 | INFO    | epic_games.agent:claim_weekly_games:326 | claim_weekly_games - {'action': 'move to webPurchaseContainer iframe'}\n", "record": {"elapsed": {"repr": "0:02:19.950478", "seconds": 139.950478}, "exception": null, "extra": {"action": "move to webPurchaseContainer iframe"}, "file": {"name": "agent.py", "path": "/home/runner/work/epic-get/epic-get/epic/src/epic_games/agent.py"}, "function": "claim_weekly_games", "level": {"icon": "‚ÑπÔ∏è", "name": "INFO", "no": 20}, "line": 326, "message": "claim_weekly_games", "module": "agent", "name": "epic_games.agent", "process": {"id": 3558, "name": "MainProcess"}, "thread": {"id": 140131197873024, "name": "MainThread"}, "time": {"repr": "2023-12-21 06:32:25.883333+08:00", "timestamp": 1703111545.883333}}}
{"text": "2023-12-21 06:32:28 | INFO    | epic_games.agent:claim_weekly_games:328 | claim_weekly_games - {'action': 'click payment button'}\n", "record": {"elapsed": {"repr": "0:02:22.356947", "seconds": 142.356947}, "exception": null, "extra": {"action": "click payment button"}, "file": {"name": "agent.py", "path": "/home/runner/work/epic-get/epic-get/epic/src/epic_games/agent.py"}, "function": "claim_weekly_games", "level": {"icon": "‚ÑπÔ∏è", "name": "INFO", "no": 20}, "line": 328, "message": "claim_weekly_games", "module": "agent", "name": "epic_games.agent", "process": {"id": 3558, "name": "MainProcess"}, "thread": {"id": 140131197873024, "name": "MainThread"}, "time": {"repr": "2023-12-21 06:32:28.289802+08:00", "timestamp": 1703111548.289802}}}
{"text": "2023-12-21 06:32:33 | DEBUG    | hcaptcha_challenger.agents.playwright.control:_parse_label:241 | get task - {'prompt': 'Please click each image containing a cup of eggnog'}\n", "record": {"elapsed": {"repr": "0:02:27.358694", "seconds": 147.358694}, "exception": null, "extra": {"prompt": "Please click each image containing a cup of eggnog"}, "file": {"name": "control.py", "path": "/opt/hostedtoolcache/Python/3.10.13/x64/lib/python3.10/site-packages/hcaptcha_challenger/agents/playwright/control.py"}, "function": "_parse_label", "level": {"icon": "üêû", "name": "DEBUG", "no": 10}, "line": 241, "message": "get task", "module": "control", "name": "hcaptcha_challenger.agents.playwright.control", "process": {"id": 3558, "name": "MainProcess"}, "thread": {"id": 140131197873024, "name": "MainThread"}, "time": {"repr": "2023-12-21 06:32:33.291549+08:00", "timestamp": 1703111553.291549}}}
{"text": "2023-12-21 06:32:34 | DEBUG    | hcaptcha_challenger.agents.playwright.control:_catch_all_binary_challenge:474 | handle task - {'unsupervised': 'binary', 'candidate_labels': ['This is a picture that looks like cup of eggnog.', \"This is a picture that don't look like cup of eggnog.\"], 'prompt': 'Please click each image containing a cup of eggnog', 'timit': '0.727s'}\n", "record": {"elapsed": {"repr": "0:02:28.211316", "seconds": 148.211316}, "exception": null, "extra": {"unsupervised": "binary", "candidate_labels": ["This is a picture that looks like cup of eggnog.", "This is a picture that don't look like cup of eggnog."], "prompt": "Please click each image containing a cup of eggnog", "timit": "0.727s"}, "file": {"name": "control.py", "path": "/opt/hostedtoolcache/Python/3.10.13/x64/lib/python3.10/site-packages/hcaptcha_challenger/agents/playwright/control.py"}, "function": "_catch_all_binary_challenge", "level": {"icon": "üêû", "name": "DEBUG", "no": 10}, "line": 474, "message": "handle task", "module": "control", "name": "hcaptcha_challenger.agents.playwright.control", "process": {"id": 3558, "name": "MainProcess"}, "thread": {"id": 140131197873024, "name": "MainThread"}, "time": {"repr": "2023-12-21 06:32:34.144171+08:00", "timestamp": 1703111554.144171}}}
{"text": "2023-12-21 06:32:44 | DEBUG    | epic_games.agent:insert_challenge:106 | task done - {'sattus': 'success'}\n", "record": {"elapsed": {"repr": "0:02:38.126731", "seconds": 158.126731}, "exception": null, "extra": {"sattus": "success"}, "file": {"name": "agent.py", "path": "/home/runner/work/epic-get/epic-get/epic/src/epic_games/agent.py"}, "function": "insert_challenge", "level": {"icon": "üêû", "name": "DEBUG", "no": 10}, "line": 106, "message": "task done", "module": "agent", "name": "epic_games.agent", "process": {"id": 3558, "name": "MainProcess"}, "thread": {"id": 140131197873024, "name": "MainThread"}, "time": {"repr": "2023-12-21 06:32:44.059586+08:00", "timestamp": 1703111564.059586}}}
{"text": "2023-12-21 06:33:15 | ERROR    | __main__:run:158 | An error has been caught in function 'run', process 'MainProcess' (3558), thread 'MainThread' (140131197873024): - {}\nTraceback (most recent call last):\n  File \"/home/runner/work/epic-get/epic-get/epic/src/claim.py\", line 151, in stash\n    await self.claim_epic_games(context)\n  File \"/home/runner/work/epic-get/epic-get/epic/src/claim.py\", line 122, in claim_epic_games\n    await epic.claim_weekly_games(page, single_promotions)\n  File \"/opt/hostedtoolcache/Python/3.10.13/x64/lib/python3.10/site-packages/tenacity/_asyncio.py\", line 88, in async_wrapped\n    return await fn(*args, **kwargs)\n  File \"/opt/hostedtoolcache/Python/3.10.13/x64/lib/python3.10/site-packages/tenacity/_asyncio.py\", line 47, in __call__\n    do = self.iter(retry_state=retry_state)\n  File \"/opt/hostedtoolcache/Python/3.10.13/x64/lib/python3.10/site-packages/tenacity/__init__.py\", line 325, in iter\n    raise retry_exc.reraise()\n  File \"/opt/hostedtoolcache/Python/3.10.13/x64/lib/python3.10/site-packages/tenacity/__init__.py\", line 158, in reraise\n    raise self.last_attempt.result()\n  File \"/opt/hostedtoolcache/Python/3.10.13/x64/lib/python3.10/concurrent/futures/_base.py\", line 451, in result\n    return self.__get_result()\n  File \"/opt/hostedtoolcache/Python/3.10.13/x64/lib/python3.10/concurrent/futures/_base.py\", line 403, in __get_result\n    raise self._exception\n  File \"/opt/hostedtoolcache/Python/3.10.13/x64/lib/python3.10/site-packages/tenacity/_asyncio.py\", line 50, in __call__\n    result = await fn(*args, **kwargs)\n  File \"/home/runner/work/epic-get/epic-get/epic/src/epic_games/agent.py\", line 338, in claim_weekly_games\n    await page.wait_for_url(recur_url)\n  File \"/opt/hostedtoolcache/Python/3.10.13/x64/lib/python3.10/site-packages/playwright/async_api/_generated.py\", line 9417, in wait_for_url\n    await self._impl_obj.wait_for_url(\n  File \"/opt/hostedtoolcache/Python/3.10.13/x64/lib/python3.10/site-packages/playwright/_impl/_page.py\", line 499, in wait_for_url\n    return await self._main_frame.wait_for_url(**locals_to_params(locals()))\n  File \"/opt/hostedtoolcache/Python/3.10.13/x64/lib/python3.10/site-packages/playwright/_impl/_frame.py\", line 227, in wait_for_url\n    async with self.expect_navigation(\n  File \"/opt/hostedtoolcache/Python/3.10.13/x64/lib/python3.10/site-packages/playwright/_impl/_event_context_manager.py\", line 33, in __aexit__\n    await self._future\n  File \"/opt/hostedtoolcache/Python/3.10.13/x64/lib/python3.10/site-packages/playwright/_impl/_frame.py\", line 202, in continuation\n    event = await waiter.result()\nplaywright._impl._errors.TimeoutError: Timeout 30000ms exceeded.\n=========================== logs ===========================\nwaiting for navigation to \"https://store.epicgames.com/en-US/cart/success\" until 'load'\n============================================================\n\nDuring handling of the above exception, another exception occurred:\n\nTraceback (most recent call last):\n  File \"/home/runner/work/epic-get/epic-get/epic/src/claim.py\", line 162, in <module>\n    asyncio.run(run())\n  File \"/opt/hostedtoolcache/Python/3.10.13/x64/lib/python3.10/asyncio/runners.py\", line 44, in run\n    return loop.run_until_complete(main)\n  File \"/opt/hostedtoolcache/Python/3.10.13/x64/lib/python3.10/asyncio/base_events.py\", line 636, in run_until_complete\n    self.run_forever()\n  File \"/opt/hostedtoolcache/Python/3.10.13/x64/lib/python3.10/asyncio/base_events.py\", line 603, in run_forever\n    self._run_once()\n  File \"/opt/hostedtoolcache/Python/3.10.13/x64/lib/python3.10/asyncio/base_events.py\", line 1909, in _run_once\n    handle._run()\n  File \"/opt/hostedtoolcache/Python/3.10.13/x64/lib/python3.10/asyncio/events.py\", line 80, in _run\n    self._context.run(self._callback, *self._args)\n> File \"/home/runner/work/epic-get/epic-get/epic/src/claim.py\", line 158, in run\n    await agent.stash()\n  File \"/home/runner/work/epic-get/epic-get/epic/src/claim.py\", line 139, in stash\n    async with async_playwright() as p:\n  File \"/opt/hostedtoolcache/Python/3.10.13/x64/lib/python3.10/site-packages/playwright/async_api/_context_manager.py\", line 58, in __aexit__\n    await self._connection.stop_async()\n  File \"/opt/hostedtoolcache/Python/3.10.13/x64/lib/python3.10/site-packages/playwright/_impl/_connection.py\", line 288, in stop_async\n    self.cleanup()\n  File \"/opt/hostedtoolcache/Python/3.10.13/x64/lib/python3.10/site-packages/playwright/_impl/_connection.py\", line 299, in cleanup\n    callback.future.set_exception(self._closed_error)\nasyncio.exceptions.InvalidStateError: invalid state\n", "record": {"elapsed": {"repr": "0:03:09.971048", "seconds": 189.971048}, "exception": {"type": "InvalidStateError", "value": "invalid state", "traceback": true}, "extra": {}, "file": {"name": "claim.py", "path": "/home/runner/work/epic-get/epic-get/epic/src/claim.py"}, "function": "run", "level": {"icon": "‚ùå", "name": "ERROR", "no": 40}, "line": 158, "message": "An error has been caught in function 'run', process 'MainProcess' (3558), thread 'MainThread' (140131197873024):", "module": "claim", "name": "__main__", "process": {"id": 3558, "name": "MainProcess"}, "thread": {"id": 140131197873024, "name": "MainThread"}, "time": {"repr": "2023-12-21 06:33:15.903903+08:00", "timestamp": 1703111595.903903}}}
